                      
Deal Type: MA
Author: bb
Created: 6/7/2022 3:26:19 PM
Comments: 



Custom Report Contents:
MASTER_DEAL_NO
STATC
ONE_DAY
AONE_DAY
DAO
DA
DATEANNORIG_DAYS
DE
DATEEFFEXP
DW
DEFINITIVE_AGT
DA_DATE
DATEVAL
DCOM
DCOMEFF
ATT
ATTITUDE_CHANGE_YN
INITIAL_REC
TN
TTIC
TCU
TEXCH
AN
APUB
ATIC
ACU
ANATC
AEXCH
CROSS
TTF_MACRO_DESC
TTF_MID_DESC
ATF_MACRO_DESC
ATF_MID_DESC
VAL
MV
AMV
PR
PR_INITIAL
VALAMEND
PR4WK
PR1WK
PR1DAY
TPRDAY
TPR1DAYA
TPR1WKA
TPR4WKA
PPMDAY
PPMWK
PPM4WK
AC4WK
AC1WK
AC1DAY
APRDAY
APR1DAYA
APR1WKA
APR4WKA
CONSID_STRUCT_DESC
CONSID
CONSIDO
CONSIDS
CHA
TEND
PHDA
PSOUGHT
TERM
TERMFPCT
SYNOP
HDATE
HOSTHPRICE
HVAL
HEVENT
HOSTHVAL
COMPETECODE
COMPETEVAL
LBO
AFINANCIAL
ALP
ASPV
AWK
HEDGE_FUND_INVOLV_YN
COLLAR
DEBTRAT
ROE
EPS
PE
PRICEBOOK
EQVALCF
EQVALSALES
EQVAL
TLIA
CASS
CLIA
LOCKUP
DAE
VEST
